<?xml version="1.0" encoding="UTF-8"?>
<testng-results ignored="0" total="1" passed="1" failed="0" skipped="0">
  <reporter-output>
  </reporter-output>
  <suite started-at="2024-10-14T15:20:48 IST" name="Default suite" finished-at="2024-10-14T15:21:13 IST" duration-ms="24416">
    <groups>
    </groups>
    <test started-at="2024-10-14T15:20:48 IST" name="Default test" finished-at="2024-10-14T15:21:13 IST" duration-ms="24416">
      <class name="org.branchmanager.home_page">
        <test-method signature="tc1()[pri:0, instance:org.branchmanager.home_page@24569dba]" started-at="2024-10-14T15:20:48 IST" name="tc1" finished-at="2024-10-14T15:21:13 IST" duration-ms="24373" status="PASS">
          <reporter-output>
          </reporter-output>
        </test-method> <!-- tc1 -->
      </class> <!-- org.branchmanager.home_page -->
    </test> <!-- Default test -->
  </suite> <!-- Default suite -->
</testng-results>
